2019-04-09 12:09:38
2019-04-09 12:10:17
2019-04-10 02:17:20
2019-04-10 02:30:11
2019-04-10 02:44:14<xml><ToUserName><![CDATA[gh_fee5ffe2fe4d]]></ToUserName>
<FromUserName><![CDATA[oCeEX1sDfbqkaguYkL1D2Qj4qz30]]></FromUserName>
<CreateTime>1554864254</CreateTime>
<MsgType><![CDATA[event]]></MsgType>
<Event><![CDATA[unsubscribe]]></Event>
<EventKey><![CDATA[]]></EventKey>
</xml>
2019-04-10 02:44:32<xml><ToUserName><![CDATA[gh_fee5ffe2fe4d]]></ToUserName>
<FromUserName><![CDATA[oCeEX1sDfbqkaguYkL1D2Qj4qz30]]></FromUserName>
<CreateTime>1554864272</CreateTime>
<MsgType><![CDATA[event]]></MsgType>
<Event><![CDATA[subscribe]]></Event>
<EventKey><![CDATA[]]></EventKey>
</xml>
2019-04-10 03:43:48<xml><ToUserName><![CDATA[gh_fee5ffe2fe4d]]></ToUserName>
<FromUserName><![CDATA[oCeEX1sDfbqkaguYkL1D2Qj4qz30]]></FromUserName>
<CreateTime>1554867828</CreateTime>
<MsgType><![CDATA[event]]></MsgType>
<Event><![CDATA[subscribe]]></Event>
<EventKey><![CDATA[]]></EventKey>
</xml>
2019-04-10 03:45:27<xml><ToUserName><![CDATA[gh_fee5ffe2fe4d]]></ToUserName>
<FromUserName><![CDATA[oCeEX1sDfbqkaguYkL1D2Qj4qz30]]></FromUserName>
<CreateTime>1554867828</CreateTime>
<MsgType><![CDATA[event]]></MsgType>
<Event><![CDATA[subscribe]]></Event>
<EventKey><![CDATA[]]></EventKey>
</xml>

2019-04-10 03:46:26<xml><ToUserName><![CDATA[gh_fee5ffe2fe4d]]></ToUserName>
<FromUserName><![CDATA[oCeEX1sDfbqkaguYkL1D2Qj4qz30]]></FromUserName>
<CreateTime>1554867828</CreateTime>
<MsgType><![CDATA[event]]></MsgType>
<Event><![CDATA[subscribe]]></Event>
<EventKey><![CDATA[]]></EventKey>
</xml>

2019-04-10 03:47:12<xml><ToUserName><![CDATA[gh_fee5ffe2fe4d]]></ToUserName>
<FromUserName><![CDATA[oCeEX1sDfbqkaguYkL1D2Qj4qz30]]></FromUserName>
<CreateTime>1554867828</CreateTime>
<MsgType><![CDATA[event]]></MsgType>
<Event><![CDATA[subscribe]]></Event>
<EventKey><![CDATA[]]></EventKey>
</xml>

2019-04-10 03:47:43<xml><ToUserName><![CDATA[gh_fee5ffe2fe4d]]></ToUserName>
<FromUserName><![CDATA[oCeEX1sDfbqkaguYkL1D2Qj4qz30]]></FromUserName>
<CreateTime>1554868063</CreateTime>
<MsgType><![CDATA[event]]></MsgType>
<Event><![CDATA[subscribe]]></Event>
<EventKey><![CDATA[]]></EventKey>
</xml>
2019-04-10 03:48:33
<xml><ToUserName><![CDATA[gh_fee5ffe2fe4d]]></ToUserName>
<FromUserName><![CDATA[oCeEX1sDfbqkaguYkL1D2Qj4qz30]]></FromUserName>
<CreateTime>1554868063</CreateTime>
<MsgType><![CDATA[event]]></MsgType>
<Event><![CDATA[subscribe]]></Event>
<EventKey><![CDATA[]]></EventKey>
</xml>

2019-04-10 03:50:05<xml><ToUserName><![CDATA[gh_fee5ffe2fe4d]]></ToUserName>
<FromUserName><![CDATA[oCeEX1sDfbqkaguYkL1D2Qj4qz30]]></FromUserName>
<CreateTime>1554868063</CreateTime>
<MsgType><![CDATA[event]]></MsgType>
<Event><![CDATA[subscribe]]></Event>
<EventKey><![CDATA[]]></EventKey>
</xml>

2019-04-10 03:53:32<xml><ToUserName><![CDATA[gh_fee5ffe2fe4d]]></ToUserName>
<FromUserName><![CDATA[oCeEX1sDfbqkaguYkL1D2Qj4qz30]]></FromUserName>
<CreateTime>1554868412</CreateTime>
<MsgType><![CDATA[event]]></MsgType>
<Event><![CDATA[subscribe]]></Event>
<EventKey><![CDATA[]]></EventKey>
</xml>
2019-04-10 03:53:44<xml><ToUserName><![CDATA[gh_fee5ffe2fe4d]]></ToUserName>
<FromUserName><![CDATA[oCeEX1sDfbqkaguYkL1D2Qj4qz30]]></FromUserName>
<CreateTime>1554868412</CreateTime>
<MsgType><![CDATA[event]]></MsgType>
<Event><![CDATA[subscribe]]></Event>
<EventKey><![CDATA[]]></EventKey>
</xml>


2019-04-10 03:54:11<xml><ToUserName><![CDATA[gh_fee5ffe2fe4d]]></ToUserName>
<FromUserName><![CDATA[oCeEX1sDfbqkaguYkL1D2Qj4qz30]]></FromUserName>
<CreateTime>1554868412</CreateTime>
<MsgType><![CDATA[event]]></MsgType>
<Event><![CDATA[subscribe]]></Event>
<EventKey><![CDATA[]]></EventKey>
</xml>


2019-04-10 03:54:38<xml><ToUserName><![CDATA[gh_de1c8ade602d]]></ToUserName>
		<FromUserName><![CDATA[oLreB1jAnJFzV_8AGWUZlfuaoQto]]></FromUserName>
		<CreateTime>1554864748</CreateTime>
		<MsgType><![CDATA[event]]></MsgType>
		<Event><![CDATA[subscribe]]></Event>
		<EventKey><![CDATA[]]></EventKey>
		</xml>


2019-04-10 03:54:44<xml><ToUserName><![CDATA[gh_de1c8ade602d]]></ToUserName>
		<FromUserName><![CDATA[oLreB1jAnJFzV_8AGWUZlfuaoQto]]></FromUserName>
		<CreateTime>1554864748</CreateTime>
		<MsgType><![CDATA[event]]></MsgType>
		<Event><![CDATA[subscribe]]></Event>
		<EventKey><![CDATA[]]></EventKey>
		</xml>


2019-04-10 03:55:33<xml><ToUserName><![CDATA[gh_fee5ffe2fe4d]]></ToUserName>
<FromUserName><![CDATA[oCeEX1sDfbqkaguYkL1D2Qj4qz30]]></FromUserName>
<CreateTime>1554868533</CreateTime>
<MsgType><![CDATA[event]]></MsgType>
<Event><![CDATA[subscribe]]></Event>
<EventKey><![CDATA[]]></EventKey>
</xml>
2019-04-10 03:56:15<xml><ToUserName><![CDATA[gh_fee5ffe2fe4d]]></ToUserName>
<FromUserName><![CDATA[oCeEX1sDfbqkaguYkL1D2Qj4qz30]]></FromUserName>
<CreateTime>1554868533</CreateTime>
<MsgType><![CDATA[event]]></MsgType>
<Event><![CDATA[subscribe]]></Event>
<EventKey><![CDATA[]]></EventKey>
</xml>





2019-04-10 04:01:40<xml><ToUserName><![CDATA[gh_fee5ffe2fe4d]]></ToUserName>
<FromUserName><![CDATA[oCeEX1sDfbqkaguYkL1D2Qj4qz30]]></FromUserName>
<CreateTime>1554868533</CreateTime>
<MsgType><![CDATA[event]]></MsgType>
<Event><![CDATA[subscribe]]></Event>
<EventKey><![CDATA[]]></EventKey>
</xml>





2019-04-10 04:03:08<xml><ToUserName><![CDATA[gh_fee5ffe2fe4d]]></ToUserName>
<FromUserName><![CDATA[oCeEX1sDfbqkaguYkL1D2Qj4qz30]]></FromUserName>
<CreateTime>1554868533</CreateTime>
<MsgType><![CDATA[event]]></MsgType>
<Event><![CDATA[subscribe]]></Event>
<EventKey><![CDATA[]]></EventKey>
</xml>





2019-04-10 05:38:13<xml><ToUserName><![CDATA[gh_fee5ffe2fe4d]]></ToUserName>
<FromUserName><![CDATA[oCeEX1sDfbqkaguYkL1D2Qj4qz30]]></FromUserName>
<CreateTime>1554868533</CreateTime>
<MsgType><![CDATA[event]]></MsgType>
<Event><![CDATA[subscribe]]></Event>
<EventKey><![CDATA[]]></EventKey>
</xml>





2019-04-10 05:53:05<xml><ToUserName><![CDATA[gh_fee5ffe2fe4d]]></ToUserName>
<FromUserName><![CDATA[oCeEX1sDfbqkaguYkL1D2Qj4qz30]]></FromUserName>
<CreateTime>1554868533</CreateTime>
<MsgType><![CDATA[event]]></MsgType>
<Event><![CDATA[subscribe]]></Event>
<EventKey><![CDATA[]]></EventKey>
</xml>





2019-04-10 06:54:27<xml><ToUserName><![CDATA[gh_fee5ffe2fe4d]]></ToUserName>
<FromUserName><![CDATA[oCeEX1sDfbqkaguYkL1D2Qj4qz30]]></FromUserName>
<CreateTime>1554868533</CreateTime>
<MsgType><![CDATA[event]]></MsgType>
<Event><![CDATA[subscribe]]></Event>
<EventKey><![CDATA[]]></EventKey>
</xml>





2019-04-10 07:07:25<xml><ToUserName><![CDATA[gh_fee5ffe2fe4d]]></ToUserName>
<FromUserName><![CDATA[oCeEX1p4LyuDYV16wOIKTyICKyW4]]></FromUserName>
<CreateTime>1554880045</CreateTime>
<MsgType><![CDATA[event]]></MsgType>
<Event><![CDATA[subscribe]]></Event>
<EventKey><![CDATA[]]></EventKey>
</xml>
2019-04-10 07:07:35<xml><ToUserName><![CDATA[gh_fee5ffe2fe4d]]></ToUserName>
<FromUserName><![CDATA[oCeEX1p4LyuDYV16wOIKTyICKyW4]]></FromUserName>
<CreateTime>1554880054</CreateTime>
<MsgType><![CDATA[text]]></MsgType>
<Content><![CDATA[ã€æ”¶åˆ°ä¸æ”¯æŒçš„æ¶ˆæ¯ç±»åž‹ï¼Œæš‚æ— æ³•æ˜¾ç¤ºã€‘]]></Content>
<MsgId>22260528827506299</MsgId>
</xml>
2019-04-10 07:07:35<xml><ToUserName><![CDATA[gh_fee5ffe2fe4d]]></ToUserName>
<FromUserName><![CDATA[oCeEX1p4LyuDYV16wOIKTyICKyW4]]></FromUserName>
<CreateTime>1554880055</CreateTime>
<MsgType><![CDATA[text]]></MsgType>
<Content><![CDATA[ã€æ”¶åˆ°ä¸æ”¯æŒçš„æ¶ˆæ¯ç±»åž‹ï¼Œæš‚æ— æ³•æ˜¾ç¤ºã€‘]]></Content>
<MsgId>22260530061197899</MsgId>
</xml>
2019-04-10 07:07:35<xml><ToUserName><![CDATA[gh_fee5ffe2fe4d]]></ToUserName>
<FromUserName><![CDATA[oCeEX1p4LyuDYV16wOIKTyICKyW4]]></FromUserName>
<CreateTime>1554880055</CreateTime>
<MsgType><![CDATA[text]]></MsgType>
<Content><![CDATA[ã€æ”¶åˆ°ä¸æ”¯æŒçš„æ¶ˆæ¯ç±»åž‹ï¼Œæš‚æ— æ³•æ˜¾ç¤ºã€‘]]></Content>
<MsgId>22260528719919970</MsgId>
</xml>
2019-04-10 07:07:49<xml><ToUserName><![CDATA[gh_fee5ffe2fe4d]]></ToUserName>
<FromUserName><![CDATA[oCeEX1p4LyuDYV16wOIKTyICKyW4]]></FromUserName>
<CreateTime>1554880068</CreateTime>
<MsgType><![CDATA[text]]></MsgType>
<Content><![CDATA[ðŸ˜‰ ðŸ˜‰ ðŸ˜‰ ]]></Content>
<MsgId>22260530678715631</MsgId>
</xml>
2019-04-10 07:09:53<xml><ToUserName><![CDATA[gh_fee5ffe2fe4d]]></ToUserName>
<FromUserName><![CDATA[oCeEX1p4LyuDYV16wOIKTyICKyW4]]></FromUserName>
<CreateTime>1554880193</CreateTime>
<MsgType><![CDATA[text]]></MsgType>
<Content><![CDATA[ã€æ”¶åˆ°ä¸æ”¯æŒçš„æ¶ˆæ¯ç±»åž‹ï¼Œæš‚æ— æ³•æ˜¾ç¤ºã€‘]]></Content>
<MsgId>22260528035512126</MsgId>
</xml>
2019-04-10 07:16:20<xml><ToUserName><![CDATA[gh_fee5ffe2fe4d]]></ToUserName>
<FromUserName><![CDATA[oCeEX1p4LyuDYV16wOIKTyICKyW4]]></FromUserName>
<CreateTime>1554880579</CreateTime>
<MsgType><![CDATA[text]]></MsgType>
<Content><![CDATA[ã€æ”¶åˆ°ä¸æ”¯æŒçš„æ¶ˆæ¯ç±»åž‹ï¼Œæš‚æ— æ³•æ˜¾ç¤ºã€‘]]></Content>
<MsgId>22260537165716567</MsgId>
</xml>
2019-04-10 07:16:26<xml><ToUserName><![CDATA[gh_fee5ffe2fe4d]]></ToUserName>
<FromUserName><![CDATA[oCeEX1p4LyuDYV16wOIKTyICKyW4]]></FromUserName>
<CreateTime>1554880585</CreateTime>
<MsgType><![CDATA[text]]></MsgType>
<Content><![CDATA[ã€æ”¶åˆ°ä¸æ”¯æŒçš„æ¶ˆæ¯ç±»åž‹ï¼Œæš‚æ— æ³•æ˜¾ç¤ºã€‘]]></Content>
<MsgId>22260537650503657</MsgId>
</xml>
2019-04-10 08:39:04<xml><ToUserName><![CDATA[gh_fee5ffe2fe4d]]></ToUserName>
<FromUserName><![CDATA[oCeEX1sDfbqkaguYkL1D2Qj4qz30]]></FromUserName>
<CreateTime>1554868533</CreateTime>
<MsgType><![CDATA[event]]></MsgType>
<Event><![CDATA[subscribe]]></Event>
<EventKey><![CDATA[]]></EventKey>
</xml>





2019-04-10 08:39:37<xml><ToUserName><![CDATA[gh_fee5ffe2fe4d]]></ToUserName>
<FromUserName><![CDATA[oCeEX1sDfbqkaguYkL1D2Qj4qz30]]></FromUserName>
<CreateTime>1554885576</CreateTime>
<MsgType><![CDATA[event]]></MsgType>
<Event><![CDATA[subscribe]]></Event>
<EventKey><![CDATA[]]></EventKey>
</xml>
2019-04-10 08:39:46<xml><ToUserName><![CDATA[gh_fee5ffe2fe4d]]></ToUserName>
<FromUserName><![CDATA[oCeEX1sDfbqkaguYkL1D2Qj4qz30]]></FromUserName>
<CreateTime>1554868533</CreateTime>
<MsgType><![CDATA[event]]></MsgType>
<Event><![CDATA[subscribe]]></Event>
<EventKey><![CDATA[]]></EventKey>
</xml>





2019-04-10 08:40:00<xml><ToUserName><![CDATA[gh_fee5ffe2fe4d]]></ToUserName>
<FromUserName><![CDATA[oCeEX1sDfbqkaguYkL1D2Qj4qz30]]></FromUserName>
<CreateTime>1554868533</CreateTime>
<MsgType><![CDATA[event]]></MsgType>
<Event><![CDATA[subscribe]]></Event>
<EventKey><![CDATA[]]></EventKey>
</xml>





2019-04-10 08:40:27<xml><ToUserName><![CDATA[gh_fee5ffe2fe4d]]></ToUserName>
<FromUserName><![CDATA[oCeEX1sDfbqkaguYkL1D2Qj4qz30]]></FromUserName>
<CreateTime>1554885626</CreateTime>
<MsgType><![CDATA[event]]></MsgType>
<Event><![CDATA[unsubscribe]]></Event>
<EventKey><![CDATA[]]></EventKey>
</xml>
2019-04-10 08:43:46<xml><ToUserName><![CDATA[gh_fee5ffe2fe4d]]></ToUserName>
<FromUserName><![CDATA[oCeEX1sDfbqkaguYkL1D2Qj4qz30]]></FromUserName>
<CreateTime>1554868533</CreateTime>
<MsgType><![CDATA[event]]></MsgType>
<Event><![CDATA[subscribe]]></Event>
<EventKey><![CDATA[]]></EventKey>
</xml>





2019-04-10 08:48:36<xml><ToUserName><![CDATA[gh_fee5ffe2fe4d]]></ToUserName>
<FromUserName><![CDATA[oCeEX1sDfbqkaguYkL1D2Qj4qz30]]></FromUserName>
<CreateTime>1554886116</CreateTime>
<MsgType><![CDATA[event]]></MsgType>
<Event><![CDATA[subscribe]]></Event>
<EventKey><![CDATA[]]></EventKey>
</xml>
2019-04-10 08:49:23<xml><ToUserName><![CDATA[gh_fee5ffe2fe4d]]></ToUserName>
<FromUserName><![CDATA[oCeEX1sDfbqkaguYkL1D2Qj4qz30]]></FromUserName>
<CreateTime>1554868533</CreateTime>
<MsgType><![CDATA[event]]></MsgType>
<Event><![CDATA[subscribe]]></Event>
<EventKey><![CDATA[]]></EventKey>
</xml>





2019-04-10 08:52:54<xml><ToUserName><![CDATA[gh_fee5ffe2fe4d]]></ToUserName>
<FromUserName><![CDATA[oCeEX1p4LyuDYV16wOIKTyICKyW4]]></FromUserName>
<CreateTime>1554886374</CreateTime>
<MsgType><![CDATA[event]]></MsgType>
<Event><![CDATA[subscribe]]></Event>
<EventKey><![CDATA[]]></EventKey>
</xml>
2019-04-10 08:53:02<xml><ToUserName><![CDATA[gh_fee5ffe2fe4d]]></ToUserName>
<FromUserName><![CDATA[oCeEX1p4LyuDYV16wOIKTyICKyW4]]></FromUserName>
<CreateTime>1554886382</CreateTime>
<MsgType><![CDATA[text]]></MsgType>
<Content><![CDATA[e]]></Content>
<MsgId>22260622216416521</MsgId>
</xml>
2019-04-10 08:55:30<xml><ToUserName><![CDATA[gh_fee5ffe2fe4d]]></ToUserName>
<FromUserName><![CDATA[oCeEX1sDfbqkaguYkL1D2Qj4qz30]]></FromUserName>
<CreateTime>1554868533</CreateTime>
<MsgType><![CDATA[event]]></MsgType>
<Event><![CDATA[subscribe]]></Event>
<EventKey><![CDATA[]]></EventKey>
</xml>





2019-04-10 08:58:04<xml><ToUserName><![CDATA[gh_fee5ffe2fe4d]]></ToUserName>
<FromUserName><![CDATA[oCeEX1sDfbqkaguYkL1D2Qj4qz30]]></FromUserName>
<CreateTime>1554868533</CreateTime>
<MsgType><![CDATA[event]]></MsgType>
<Event><![CDATA[subscribe]]></Event>
<EventKey><![CDATA[]]></EventKey>
</xml>





2019-04-10 08:58:44<xml><ToUserName><![CDATA[gh_fee5ffe2fe4d]]></ToUserName>
<FromUserName><![CDATA[oCeEX1sDfbqkaguYkL1D2Qj4qz30]]></FromUserName>
<CreateTime>1554868533</CreateTime>
<MsgType><![CDATA[event]]></MsgType>
<Event><![CDATA[subscribe]]></Event>
<EventKey><![CDATA[]]></EventKey>
</xml>





2019-04-10 08:58:49<xml><ToUserName><![CDATA[gh_fee5ffe2fe4d]]></ToUserName>
<FromUserName><![CDATA[oCeEX1sDfbqkaguYkL1D2Qj4qz30]]></FromUserName>
<CreateTime>1554886729</CreateTime>
<MsgType><![CDATA[event]]></MsgType>
<Event><![CDATA[unsubscribe]]></Event>
<EventKey><![CDATA[]]></EventKey>
</xml>
2019-04-10 08:59:04<xml><ToUserName><![CDATA[gh_fee5ffe2fe4d]]></ToUserName>
<FromUserName><![CDATA[oCeEX1sDfbqkaguYkL1D2Qj4qz30]]></FromUserName>
<CreateTime>1554886743</CreateTime>
<MsgType><![CDATA[event]]></MsgType>
<Event><![CDATA[subscribe]]></Event>
<EventKey><![CDATA[]]></EventKey>
</xml>
2019-04-10 08:59:12<xml><ToUserName><![CDATA[gh_fee5ffe2fe4d]]></ToUserName>
<FromUserName><![CDATA[oCeEX1sDfbqkaguYkL1D2Qj4qz30]]></FromUserName>
<CreateTime>1554868533</CreateTime>
<MsgType><![CDATA[event]]></MsgType>
<Event><![CDATA[subscribe]]></Event>
<EventKey><![CDATA[]]></EventKey>
</xml>





2019-04-10 08:59:15<xml><ToUserName><![CDATA[gh_fee5ffe2fe4d]]></ToUserName>
<FromUserName><![CDATA[oCeEX1sDfbqkaguYkL1D2Qj4qz30]]></FromUserName>
<CreateTime>1554868533</CreateTime>
<MsgType><![CDATA[event]]></MsgType>
<Event><![CDATA[subscribe]]></Event>
<EventKey><![CDATA[]]></EventKey>
</xml>





2019-04-10 08:59:17<xml><ToUserName><![CDATA[gh_fee5ffe2fe4d]]></ToUserName>
<FromUserName><![CDATA[oCeEX1sDfbqkaguYkL1D2Qj4qz30]]></FromUserName>
<CreateTime>1554868533</CreateTime>
<MsgType><![CDATA[event]]></MsgType>
<Event><![CDATA[subscribe]]></Event>
<EventKey><![CDATA[]]></EventKey>
</xml>





2019-04-10 08:59:30<xml><ToUserName><![CDATA[gh_fee5ffe2fe4d]]></ToUserName>
<FromUserName><![CDATA[oCeEX1sDfbqkaguYkL1D2Qj4qz30]]></FromUserName>
<CreateTime>1554868533</CreateTime>
<MsgType><![CDATA[event]]></MsgType>
<Event><![CDATA[subscribe]]></Event>
<EventKey><![CDATA[]]></EventKey>
</xml>





2019-04-10 09:01:44<xml><ToUserName><![CDATA[gh_fee5ffe2fe4d]]></ToUserName>
<FromUserName><![CDATA[oCeEX1p4LyuDYV16wOIKTyICKyW4]]></FromUserName>
<CreateTime>1554886904</CreateTime>
<MsgType><![CDATA[event]]></MsgType>
<Event><![CDATA[unsubscribe]]></Event>
<EventKey><![CDATA[]]></EventKey>
</xml>
2019-04-10 09:06:57<xml><ToUserName><![CDATA[gh_fee5ffe2fe4d]]></ToUserName>
<FromUserName><![CDATA[oCeEX1sDfbqkaguYkL1D2Qj4qz30]]></FromUserName>
<CreateTime>1554868533</CreateTime>
<MsgType><![CDATA[event]]></MsgType>
<Event><![CDATA[subscribe]]></Event>
<EventKey><![CDATA[]]></EventKey>
</xml>





2019-04-10 09:08:37<xml><ToUserName><![CDATA[gh_fee5ffe2fe4d]]></ToUserName>
<FromUserName><![CDATA[oCeEX1sDfbqkaguYkL1D2Qj4qz30]]></FromUserName>
<CreateTime>1554887317</CreateTime>
<MsgType><![CDATA[event]]></MsgType>
<Event><![CDATA[unsubscribe]]></Event>
<EventKey><![CDATA[]]></EventKey>
</xml>
2019-04-10 09:08:45<xml><ToUserName><![CDATA[gh_fee5ffe2fe4d]]></ToUserName>
<FromUserName><![CDATA[oCeEX1sDfbqkaguYkL1D2Qj4qz30]]></FromUserName>
<CreateTime>1554887325</CreateTime>
<MsgType><![CDATA[event]]></MsgType>
<Event><![CDATA[subscribe]]></Event>
<EventKey><![CDATA[]]></EventKey>
</xml>
2019-04-10 10:54:18<xml><ToUserName><![CDATA[gh_fee5ffe2fe4d]]></ToUserName>
<FromUserName><![CDATA[oCeEX1sDfbqkaguYkL1D2Qj4qz30]]></FromUserName>
<CreateTime>1554868533</CreateTime>
<MsgType><![CDATA[event]]></MsgType>
<Event><![CDATA[subscribe]]></Event>
<EventKey><![CDATA[]]></EventKey>
</xml>





